2021-05-16 14:28:28.864372   La recherche structurée a échouée pour ('avenue Henry Russell', '64000 Pau').
2021-05-16 14:28:29.457349   name 'NotFound' is not defined
 Lieu non trouvé : avenue Henry Russell (64000 Pau)
2021-05-16 14:31:06.318871   La recherche structurée a échouée pour ('avenue Henry Russell', '64000 Pau').
2021-05-16 14:31:06.917567   
 Lieu non trouvé : avenue Henry Russell (64000 Pau)
2021-05-16 14:34:21.304448   La recherche structurée a échouée pour ('avenue Henry Russell', '64000 Pau').
2021-05-16 14:34:21.903750   
 Lieu non trouvé : avenue Henry Russell (64000 Pau)
2021-05-16 14:44:16.954807   La recherche structurée a échouée pour ('avenue Henry Russell', '64000 Pau').
2021-05-16 14:44:17.554070   
 Lieu non trouvé : avenue Henry Russell (64000 Pau)
2021-05-16 14:45:35.137773   La recherche structurée a échouée pour ('rue d’Arouste', '64000').
2021-05-16 15:02:52.148185   La recherche structurée a échouée pour ('avenue Henry Russell', '64000 Pau').
2021-05-16 15:02:52.749602   
 Lieu non trouvé : avenue Henry Russell (64000 Pau)
2021-05-16 15:05:02.245583   La recherche structurée a échouée pour ('avenue Henry Russell', '64000').
2021-05-16 15:05:02.824441   
 Lieu non trouvé : avenue Henry Russell (64000)
2021-05-16 15:06:20.959090   La recherche structurée a échouée pour ('avenue Henry Russell', '64000').
2021-05-16 15:06:21.590537   
 Lieu non trouvé : avenue Henry Russell (64000)
2021-05-16 15:07:42.982002   La recherche structurée a échouée pour ('avenue Henry Russell', '64000').
2021-05-16 15:07:43.552815   
 Lieu non trouvé : avenue Henry Russell (64000)
2021-05-16 15:08:07.550629   La recherche structurée a échouée pour ('avenue Henry Russell', '64000').
2021-05-16 15:08:08.122803   
 Lieu non trouvé : avenue Henry Russell (64000)
2021-05-16 15:08:12.702176   La recherche structurée a échouée pour ('avenue Henry Russell', '64000').
2021-05-16 15:08:13.282703   
 Lieu non trouvé : avenue Henry Russell (64000)
2021-05-16 15:08:48.416487   La recherche structurée a échouée pour ('avenue Henry Russell', '64000').
2021-05-16 15:08:49.005091   
 Lieu non trouvé : avenue Henry Russell (64000)
2021-05-16 15:08:59.914285   La recherche structurée a échouée pour ('avenue Henry Russell', '64000').
2021-05-16 15:09:00.489732   
 Lieu non trouvé : avenue Henry Russell (64000)
2021-05-16 15:13:51.826203   La recherche structurée a échouée pour ('4 rue Ramond de Carbonnière', '64000').
2021-05-16 15:13:52.367893   
 Lieu non trouvé : 4 rue Ramond de Carbonnière (64000)
